<?xml version="1.0" encoding="UTF-8"?>
<testsuite name="model.WordListTest" tests="4" skipped="0" failures="0" errors="0" timestamp="2022-12-28T16:46:24" hostname="pop-os" time="0.035">
  <properties/>
  <testcase name="testGenerateList()" classname="model.WordListTest" time="0.024"/>
  <testcase name="testAddWord()" classname="model.WordListTest" time="0.001"/>
  <testcase name="testStartingList()" classname="model.WordListTest" time="0.006"/>
  <testcase name="testUpdate()" classname="model.WordListTest" time="0.002"/>
  <system-out><![CDATA[]]></system-out>
  <system-err><![CDATA[]]></system-err>
</testsuite>
