<?xml version="1.0" encoding="UTF-8"?>
<testsuite name="model.GameTest" tests="3" skipped="0" failures="0" errors="0" timestamp="2023-01-07T20:14:29" hostname="pop-os" time="0.002">
  <properties/>
  <testcase name="testGetSpeed()" classname="model.GameTest" time="0.001"/>
  <testcase name="testOf()" classname="model.GameTest" time="0.001"/>
  <testcase name="testGetPrecision()" classname="model.GameTest" time="0.0"/>
  <system-out><![CDATA[]]></system-out>
  <system-err><![CDATA[]]></system-err>
</testsuite>
