<?xml version="1.0" encoding="UTF-8"?>
<testsuite name="model.GameNormalSoloTest" tests="4" skipped="0" failures="0" errors="0" timestamp="2023-01-01T16:53:04" hostname="tedi-VirtualBox" time="0.011">
  <properties/>
  <testcase name="testInit()" classname="model.GameNormalSoloTest" time="0.003"/>
  <testcase name="testKeyInput_correctCharacter()" classname="model.GameNormalSoloTest" time="0.003"/>
  <testcase name="testKeyInput_space()" classname="model.GameNormalSoloTest" time="0.002"/>
  <testcase name="testKeyInput_incorrectCharacter()" classname="model.GameNormalSoloTest" time="0.003"/>
  <system-out><![CDATA[]]></system-out>
  <system-err><![CDATA[]]></system-err>
</testsuite>
