<?xml version="1.0" encoding="UTF-8"?>
<testsuite name="model.GameTest" tests="4" skipped="0" failures="0" errors="0" timestamp="2022-12-30T00:03:27" hostname="pop-os" time="0.003">
  <properties/>
  <testcase name="testGetSpeed()" classname="model.GameTest" time="0.0"/>
  <testcase name="testOf()" classname="model.GameTest" time="0.0"/>
  <testcase name="testGetPrecision()" classname="model.GameTest" time="0.001"/>
  <testcase name="testGetRegularity()" classname="model.GameTest" time="0.0"/>
  <system-out><![CDATA[]]></system-out>
  <system-err><![CDATA[]]></system-err>
</testsuite>
