<?xml version="1.0" encoding="UTF-8"?>
<testsuite name="model.GameNormalSoloTest" tests="4" skipped="0" failures="0" errors="0" timestamp="2023-01-07T20:14:29" hostname="pop-os" time="0.01">
  <properties/>
  <testcase name="testInit()" classname="model.GameNormalSoloTest" time="0.004"/>
  <testcase name="testKeyInput_correctCharacter()" classname="model.GameNormalSoloTest" time="0.002"/>
  <testcase name="testKeyInput_space()" classname="model.GameNormalSoloTest" time="0.001"/>
  <testcase name="testKeyInput_incorrectCharacter()" classname="model.GameNormalSoloTest" time="0.002"/>
  <system-out><![CDATA[]]></system-out>
  <system-err><![CDATA[]]></system-err>
</testsuite>
