<?xml version="1.0" encoding="UTF-8"?>
<<<<<<< HEAD
<testsuite name="model.WordListTest" tests="4" skipped="0" failures="0" errors="0" timestamp="2023-01-01T16:53:04" hostname="tedi-VirtualBox" time="0.011">
  <properties/>
  <testcase name="testGenerateList()" classname="model.WordListTest" time="0.003"/>
  <testcase name="testAddWord()" classname="model.WordListTest" time="0.0"/>
  <testcase name="testStartingList()" classname="model.WordListTest" time="0.003"/>
  <testcase name="testUpdate()" classname="model.WordListTest" time="0.002"/>
=======
<testsuite name="model.WordListTest" tests="4" skipped="0" failures="0" errors="0" timestamp="2023-01-01T16:44:01" hostname="pop-os" time="0.01">
  <properties/>
  <testcase name="testGenerateList()" classname="model.WordListTest" time="0.004"/>
  <testcase name="testAddWord()" classname="model.WordListTest" time="0.001"/>
  <testcase name="testStartingList()" classname="model.WordListTest" time="0.004"/>
  <testcase name="testUpdate()" classname="model.WordListTest" time="0.0"/>
>>>>>>> d186f5946f7811e9292f0a512c977a859b5b218b
  <system-out><![CDATA[]]></system-out>
  <system-err><![CDATA[]]></system-err>
</testsuite>
